This is pdfTeX, Version 3.1415926-2.3-1.40.12 (MiKTeX 2.9) (preloaded format=pdflatex 2018.1.8)  18 MAR 2019 15:51
entering extended mode
**paperlabs_v10.tex
(C:\Users\landy\Desktop\sp1\tex\paperlabs_v10.tex
LaTeX2e <2011/06/27>
Babel <v3.8m> and hyphenation patterns for english, afrikaans, ancientgreek, ar
abic, armenian, assamese, basque, bengali, bokmal, bulgarian, catalan, coptic, 
croatian, czech, danish, dutch, esperanto, estonian, farsi, finnish, french, ga
lician, german, german-x-2009-06-19, greek, gujarati, hindi, hungarian, iceland
ic, indonesian, interlingua, irish, italian, kannada, kurmanji, lao, latin, lat
vian, lithuanian, malayalam, marathi, mongolian, mongolianlmc, monogreek, ngerm
an, ngerman-x-2009-06-19, nynorsk, oriya, panjabi, pinyin, polish, portuguese, 
romanian, russian, sanskrit, serbian, slovak, slovenian, spanish, swedish, swis
sgerman, tamil, telugu, turkish, turkmen, ukenglish, ukrainian, uppersorbian, u
senglishmax, welsh, loaded.
("C:\Program Files (x86)\MiKTeX 2.9\tex\latex\ams\classes\amsart.cls"
Document Class: amsart 2009/07/02 v2.20.1
\linespacing=\dimen102
\normalparindent=\dimen103
\normaltopskip=\skip41
("C:\Program Files (x86)\MiKTeX 2.9\tex\latex\ams\math\amsmath.sty"
Package: amsmath 2000/07/18 v2.13 AMS math features
\@mathmargin=\skip42

For additional information on amsmath, use the `?' option.
("C:\Program Files (x86)\MiKTeX 2.9\tex\latex\ams\math\amstext.sty"
Package: amstext 2000/06/29 v2.01

("C:\Program Files (x86)\MiKTeX 2.9\tex\latex\ams\math\amsgen.sty"
File: amsgen.sty 1999/11/30 v2.0
\@emptytoks=\toks14
\ex@=\dimen104
))
("C:\Program Files (x86)\MiKTeX 2.9\tex\latex\ams\math\amsbsy.sty"
Package: amsbsy 1999/11/29 v1.2d
\pmbraise@=\dimen105
)
("C:\Program Files (x86)\MiKTeX 2.9\tex\latex\ams\math\amsopn.sty"
Package: amsopn 1999/12/14 v2.01 operator names
)
\inf@bad=\count79
LaTeX Info: Redefining \frac on input line 211.
\uproot@=\count80
\leftroot@=\count81
LaTeX Info: Redefining \overline on input line 307.
\classnum@=\count82
\DOTSCASE@=\count83
LaTeX Info: Redefining \ldots on input line 379.
LaTeX Info: Redefining \dots on input line 382.
LaTeX Info: Redefining \cdots on input line 467.
\Mathstrutbox@=\box26
\strutbox@=\box27
\big@size=\dimen106
LaTeX Font Info:    Redeclaring font encoding OML on input line 567.
LaTeX Font Info:    Redeclaring font encoding OMS on input line 568.
\macc@depth=\count84
\c@MaxMatrixCols=\count85
\dotsspace@=\muskip10
\c@parentequation=\count86
\dspbrk@lvl=\count87
\tag@help=\toks15
\row@=\count88
\column@=\count89
\maxfields@=\count90
\andhelp@=\toks16
\eqnshift@=\dimen107
\alignsep@=\dimen108
\tagshift@=\dimen109
\tagwidth@=\dimen110
\totwidth@=\dimen111
\lineht@=\dimen112
\@envbody=\toks17
\multlinegap=\skip43
\multlinetaggap=\skip44
\mathdisplay@stack=\toks18
LaTeX Info: Redefining \[ on input line 2666.
LaTeX Info: Redefining \] on input line 2667.
)
LaTeX Font Info:    Try loading font information for U+msa on input line 388.

("C:\Program Files (x86)\MiKTeX 2.9\tex\latex\amsfonts\umsa.fd"
File: umsa.fd 2009/06/22 v3.00 AMS symbols A
)
("C:\Program Files (x86)\MiKTeX 2.9\tex\latex\amsfonts\amsfonts.sty"
Package: amsfonts 2009/06/22 v3.00 Basic AMSFonts support
\symAMSa=\mathgroup4
\symAMSb=\mathgroup5
LaTeX Font Info:    Overwriting math alphabet `\mathfrak' in version `bold'
(Font)                  U/euf/m/n --> U/euf/b/n on input line 96.
)
\copyins=\insert233
\abstractbox=\box28
\listisep=\skip45
\c@part=\count91
\c@section=\count92
\c@subsection=\count93
\c@subsubsection=\count94
\c@paragraph=\count95
\c@subparagraph=\count96
\c@figure=\count97
\c@table=\count98
\abovecaptionskip=\skip46
\belowcaptionskip=\skip47
\captionindent=\dimen113
\thm@style=\toks19
\thm@bodyfont=\toks20
\thm@headfont=\toks21
\thm@notefont=\toks22
\thm@headpunct=\toks23
\thm@preskip=\skip48
\thm@postskip=\skip49
\thm@headsep=\skip50
\dth@everypar=\toks24
)
("C:\Program Files (x86)\MiKTeX 2.9\tex\latex\amsfonts\amssymb.sty"
Package: amssymb 2009/06/22 v3.00
)
("C:\Program Files (x86)\MiKTeX 2.9\tex\latex\graphics\graphicx.sty"
Package: graphicx 1999/02/16 v1.0f Enhanced LaTeX Graphics (DPC,SPQR)

("C:\Program Files (x86)\MiKTeX 2.9\tex\latex\graphics\keyval.sty"
Package: keyval 1999/03/16 v1.13 key=value parser (DPC)
\KV@toks@=\toks25
)
("C:\Program Files (x86)\MiKTeX 2.9\tex\latex\graphics\graphics.sty"
Package: graphics 2009/02/05 v1.0o Standard LaTeX Graphics (DPC,SPQR)

("C:\Program Files (x86)\MiKTeX 2.9\tex\latex\graphics\trig.sty"
Package: trig 1999/03/16 v1.09 sin cos tan (DPC)
)
("C:\Program Files (x86)\MiKTeX 2.9\tex\latex\00miktex\graphics.cfg"
File: graphics.cfg 2007/01/18 v1.5 graphics configuration of teTeX/TeXLive
)
Package graphics Info: Driver file: pdftex.def on input line 91.

("C:\Program Files (x86)\MiKTeX 2.9\tex\latex\pdftex-def\pdftex.def"
File: pdftex.def 2011/05/27 v0.06d Graphics/color for pdfTeX

("C:\Program Files (x86)\MiKTeX 2.9\tex\generic\oberdiek\infwarerr.sty"
Package: infwarerr 2010/04/08 v1.3 Providing info/warning/error messages (HO)
)
("C:\Program Files (x86)\MiKTeX 2.9\tex\generic\oberdiek\ltxcmds.sty"
Package: ltxcmds 2011/11/09 v1.22 LaTeX kernel commands for general use (HO)
)
\Gread@gobject=\count99
))
\Gin@req@height=\dimen114
\Gin@req@width=\dimen115
)
(C:\Users\landy\AppData\Roaming\MiKTeX\2.9\tex\latex\algorithms\algorithm.sty
Package: algorithm 2009/08/24 v0.1 Document Style `algorithm' - floating enviro
nment

("C:\Program Files (x86)\MiKTeX 2.9\tex\latex\float\float.sty"
Package: float 2001/11/08 v1.3d Float enhancements (AL)
\c@float@type=\count100
\float@exts=\toks26
\float@box=\box29
\@float@everytoks=\toks27
\@floatcapt=\box30
)
("C:\Program Files (x86)\MiKTeX 2.9\tex\latex\base\ifthen.sty"
Package: ifthen 2001/05/26 v1.1c Standard LaTeX ifthen package (DPC)
)
\@float@every@algorithm=\toks28
\c@algorithm=\count101
)
(C:\Users\landy\AppData\Roaming\MiKTeX\2.9\tex\latex\algorithms\algorithmic.sty
Package: algorithmic 2009/08/24 v0.1 Document Style `algorithmic'
\c@ALC@unique=\count102
\c@ALC@line=\count103
\c@ALC@rem=\count104
\c@ALC@depth=\count105
\ALC@tlm=\skip51
\algorithmicindent=\skip52
) ("C:\Program Files (x86)\MiKTeX 2.9\tex\latex\oberdiek\epstopdf.sty"
Package: epstopdf 2010/02/09 v2.5 Conversion with epstopdf on the fly (HO)

("C:\Program Files (x86)\MiKTeX 2.9\tex\latex\oberdiek\epstopdf-base.sty"
Package: epstopdf-base 2010/02/09 v2.5 Base part for package epstopdf

("C:\Program Files (x86)\MiKTeX 2.9\tex\latex\oberdiek\grfext.sty"
Package: grfext 2010/08/19 v1.1 Manage graphics extensions (HO)

("C:\Program Files (x86)\MiKTeX 2.9\tex\generic\oberdiek\kvdefinekeys.sty"
Package: kvdefinekeys 2011/04/07 v1.3 Define keys (HO)
))
("C:\Program Files (x86)\MiKTeX 2.9\tex\latex\oberdiek\kvoptions.sty"
Package: kvoptions 2011/06/30 v3.11 Key value format for package options (HO)

("C:\Program Files (x86)\MiKTeX 2.9\tex\generic\oberdiek\kvsetkeys.sty"
Package: kvsetkeys 2012/04/25 v1.16 Key value parser (HO)

("C:\Program Files (x86)\MiKTeX 2.9\tex\generic\oberdiek\etexcmds.sty"
Package: etexcmds 2011/02/16 v1.5 Avoid name clashes with e-TeX commands (HO)

("C:\Program Files (x86)\MiKTeX 2.9\tex\generic\oberdiek\ifluatex.sty"
Package: ifluatex 2010/03/01 v1.3 Provides the ifluatex switch (HO)
Package ifluatex Info: LuaTeX not detected.
)
Package etexcmds Info: Could not find \expanded.
(etexcmds)             That can mean that you are not using pdfTeX 1.50 or
(etexcmds)             that some package has redefined \expanded.
(etexcmds)             In the latter case, load this package earlier.
)))
("C:\Program Files (x86)\MiKTeX 2.9\tex\generic\oberdiek\pdftexcmds.sty"
Package: pdftexcmds 2011/11/29 v0.20 Utility functions of pdfTeX for LuaTeX (HO
)

("C:\Program Files (x86)\MiKTeX 2.9\tex\generic\oberdiek\ifpdf.sty"
Package: ifpdf 2011/01/30 v2.3 Provides the ifpdf switch (HO)
Package ifpdf Info: pdfTeX in PDF mode is detected.
)
Package pdftexcmds Info: LuaTeX not detected.
Package pdftexcmds Info: \pdf@primitive is available.
Package pdftexcmds Info: \pdf@ifprimitive is available.
Package pdftexcmds Info: \pdfdraftmode found.
)
Package grfext Info: Graphics extension search list:
(grfext)             [.png,.pdf,.jpg,.mps,.jpeg,.jbig2,.jb2,.PNG,.PDF,.JPG,.JPE
G,.JBIG2,.JB2,.eps]
(grfext)             \AppendGraphicsExtensions on input line 452.
))
(C:\Users\landy\AppData\Roaming\MiKTeX\2.9\tex\latex\placeins\placeins.sty
Package: placeins 2005/04/18  v 2.2
)
("C:\Program Files (x86)\MiKTeX 2.9\tex\latex\hyperref\hyperref.sty"
Package: hyperref 2012/05/13 v6.82q Hypertext links for LaTeX

("C:\Program Files (x86)\MiKTeX 2.9\tex\generic\oberdiek\hobsub-hyperref.sty"
Package: hobsub-hyperref 2012/04/25 v1.12 Bundle oberdiek, subset hyperref (HO)


("C:\Program Files (x86)\MiKTeX 2.9\tex\generic\oberdiek\hobsub-generic.sty"
Package: hobsub-generic 2012/04/25 v1.12 Bundle oberdiek, subset generic (HO)
Package: hobsub 2012/04/25 v1.12 Construct package bundles (HO)
Package hobsub Info: Skipping package `infwarerr' (already loaded).
Package hobsub Info: Skipping package `ltxcmds' (already loaded).
Package hobsub Info: Skipping package `ifluatex' (already loaded).
Package: ifvtex 2010/03/01 v1.5 Detect VTeX and its facilities (HO)
Package ifvtex Info: VTeX not detected.
Package: intcalc 2007/09/27 v1.1 Expandable calculations with integers (HO)
Package hobsub Info: Skipping package `ifpdf' (already loaded).
Package hobsub Info: Skipping package `etexcmds' (already loaded).
Package hobsub Info: Skipping package `kvsetkeys' (already loaded).
Package hobsub Info: Skipping package `kvdefinekeys' (already loaded).
Package hobsub Info: Skipping package `pdftexcmds' (already loaded).
Package: pdfescape 2011/11/25 v1.13 Implements pdfTeX's escape features (HO)
Package: bigintcalc 2012/04/08 v1.3 Expandable calculations on big integers (HO
)
Package: bitset 2011/01/30 v1.1 Handle bit-vector datatype (HO)
Package: uniquecounter 2011/01/30 v1.2 Provide unlimited unique counter (HO)
)
Package hobsub Info: Skipping package `hobsub' (already loaded).
Package: letltxmacro 2010/09/02 v1.4 Let assignment for LaTeX macros (HO)
Package: hopatch 2011/06/24 v1.1 Wrapper for package hooks (HO)
Package: xcolor-patch 2011/01/30 xcolor patch
Package: atveryend 2011/06/30 v1.8 Hooks at the very end of document (HO)
Package atveryend Info: \enddocument detected (standard20110627).
Package: atbegshi 2011/10/05 v1.16 At begin shipout hook (HO)
Package: refcount 2011/10/16 v3.4 Data extraction from label references (HO)
Package: hycolor 2011/01/30 v1.7 Color options for hyperref/bookmark (HO)
)
("C:\Program Files (x86)\MiKTeX 2.9\tex\generic\ifxetex\ifxetex.sty"
Package: ifxetex 2010/09/12 v0.6 Provides ifxetex conditional
)
\@linkdim=\dimen116
\Hy@linkcounter=\count106
\Hy@pagecounter=\count107

("C:\Program Files (x86)\MiKTeX 2.9\tex\latex\hyperref\pd1enc.def"
File: pd1enc.def 2012/05/13 v6.82q Hyperref: PDFDocEncoding definition (HO)
)
\Hy@SavedSpaceFactor=\count108

("C:\Program Files (x86)\MiKTeX 2.9\tex\latex\00miktex\hyperref.cfg"
File: hyperref.cfg 2002/06/06 v1.2 hyperref configuration of TeXLive
)
Package hyperref Info: Option `hyperfigures' set `true' on input line 3941.
Package hyperref Info: Option `breaklinks' set `true' on input line 3941.
Package hyperref Info: Option `colorlinks' set `true' on input line 3941.
Package hyperref Info: Hyper figures ON on input line 4060.
Package hyperref Info: Link nesting OFF on input line 4067.
Package hyperref Info: Hyper index ON on input line 4070.
Package hyperref Info: Plain pages OFF on input line 4077.
Package hyperref Info: Backreferencing OFF on input line 4082.
Package hyperref Info: Implicit mode ON; LaTeX internals redefined.
Package hyperref Info: Bookmarks ON on input line 4300.
\c@Hy@tempcnt=\count109

("C:\Program Files (x86)\MiKTeX 2.9\tex\latex\ltxmisc\url.sty"
\Urlmuskip=\muskip11
Package: url 2006/04/12  ver 3.3  Verb mode for urls, etc.
)
LaTeX Info: Redefining \url on input line 4653.
\Fld@menulength=\count110
\Field@Width=\dimen117
\Fld@charsize=\dimen118
Package hyperref Info: Hyper figures ON on input line 5771.
Package hyperref Info: Link nesting OFF on input line 5778.
Package hyperref Info: Hyper index ON on input line 5781.
Package hyperref Info: backreferencing OFF on input line 5788.
Package hyperref Info: Link coloring ON on input line 5791.
Package hyperref Info: Link coloring with OCG OFF on input line 5798.
Package hyperref Info: PDF/A mode OFF on input line 5803.
LaTeX Info: Redefining \ref on input line 5843.
LaTeX Info: Redefining \pageref on input line 5847.
\Hy@abspage=\count111
\c@Item=\count112
\c@Hfootnote=\count113
)

Package hyperref Message: Driver (autodetected): hpdftex.

("C:\Program Files (x86)\MiKTeX 2.9\tex\latex\hyperref\hpdftex.def"
File: hpdftex.def 2012/05/13 v6.82q Hyperref driver for pdfTeX
\Fld@listcount=\count114
\c@bookmark@seq@number=\count115

("C:\Program Files (x86)\MiKTeX 2.9\tex\latex\oberdiek\rerunfilecheck.sty"
Package: rerunfilecheck 2011/04/15 v1.7 Rerun checks for auxiliary files (HO)
Package uniquecounter Info: New unique counter `rerunfilecheck' on input line 2
82.
)
\Hy@SectionHShift=\skip53
)
(C:\Users\landy\AppData\Roaming\MiKTeX\2.9\tex\latex\subfigure\subfigure.sty
Package: subfigure 2002/07/30 v2.1.4 subfigure package
\subfigtopskip=\skip54
\subfigcapskip=\skip55
\subfigcaptopadj=\dimen119
\subfigbottomskip=\skip56
\subfigcapmargin=\dimen120
\subfiglabelskip=\skip57
\c@subfigure=\count116
\c@lofdepth=\count117
\c@subtable=\count118
\c@lotdepth=\count119

****************************************
* Local config file subfigure.cfg used *
****************************************
(C:\Users\landy\AppData\Roaming\MiKTeX\2.9\tex\latex\subfigure\subfigure.cfg)
\subfig@top=\skip58
\subfig@bottom=\skip59
)
("C:\Program Files (x86)\MiKTeX 2.9\tex\latex\jknappen\mathbbol.sty"
Package: mathbbol 1995/01/01
\symbbold=\mathgroup6
)
("C:\Program Files (x86)\MiKTeX 2.9\tex\latex\pstricks\pstricks.sty"
Package: pstricks 2011/10/31 v0.52 LaTeX wrapper for `PSTricks' (RN,HV)

("C:\Program Files (x86)\MiKTeX 2.9\tex\generic\pstricks\base\pstricks.tex"
("C:\Program Files (x86)\MiKTeX 2.9\tex\generic\xkeyval\pst-xkey.tex"
File: pst-xkey.tex 2005/11/25 v1.6 PSTricks specialization of xkeyval (HA)

("C:\Program Files (x86)\MiKTeX 2.9\tex\latex\xkeyval\xkeyval.sty"
Package: xkeyval 2008/08/13 v2.6a package option processing (HA)

("C:\Program Files (x86)\MiKTeX 2.9\tex\generic\xkeyval\xkeyval.tex"
\XKV@toks=\toks29
\XKV@tempa@toks=\toks30
\XKV@depth=\count120
File: xkeyval.tex 2008/08/13 v2.6a key=value parser (HA)
)))
("C:\Program Files (x86)\MiKTeX 2.9\tex\generic\pstricks\base\pst-fp.tex"
`pst-fp' v0.05, 2010/01/17 (hv)
\pstFP@xs=\count121
\pstFP@xia=\count122
\pstFP@xib=\count123
\pstFP@xfa=\count124
\pstFP@xfb=\count125
\pstFP@rega=\count126
\pstFP@regb=\count127
\pstFP@regs=\count128
\pstFP@times=\count129
)
\psLoopIndex=\count130

`PSTricks' v2.27  <2012/03/11> (tvz)
\pst@dima=\dimen121
\pst@dimb=\dimen122
\pst@dimc=\dimen123
\pst@dimd=\dimen124
\pst@dimg=\dimen125
\pst@dimh=\dimen126
\pst@dimm=\dimen127
\pst@dimn=\dimen128
\pst@dimo=\dimen129
\pst@dimp=\dimen130
\pst@hbox=\box31
\pst@ibox=\box32
\pst@boxg=\box33
\pst@cnta=\count131
\pst@cntb=\count132
\pst@cntc=\count133
\pst@cntd=\count134
\pst@cntg=\count135
\pst@cnth=\count136
\pst@cntm=\count137
\pst@cntn=\count138
\pst@cnto=\count139
\pst@cntp=\count140
\@zero=\count141
\pst@toks=\toks31
("C:\Program Files (x86)\MiKTeX 2.9\tex\generic\pstricks\base\pstricks.con")
\psunit=\dimen131
\psxunit=\dimen132
\psyunit=\dimen133
\pst@C@@rType=\count142
\pslinewidth=\dimen134
\psk@startLW=\dimen135
\psk@endLW=\dimen136
\pst@customdefs=\toks32
\pslinearc=\dimen137
\pst@symbolStep=\dimen138
\pst@symbolWidth=\dimen139
\pst@symbolLinewidth=\dimen140
\everypsbox=\toks33
\psframesep=\dimen141
\pslabelsep=\dimen142
\pst@shift=\dimen143
\theoverlaybox=\box34
)
File: pstricks.tex 2012/03/11 v2.27 `PSTricks' (tvz,hv)

("C:\Program Files (x86)\MiKTeX 2.9\tex\generic\pstricks\base\pst-fp.tex")
File: pst-fp.tex 2012/03/11 v2.27 `PST-fp' (hv)

(C:\Users\landy\AppData\Roaming\MiKTeX\2.9\tex\latex\xcolor\xcolor.sty
Package: xcolor 2016/05/11 v2.12 LaTeX color extensions (UK)

("C:\Program Files (x86)\MiKTeX 2.9\tex\latex\00miktex\color.cfg"
File: color.cfg 2007/01/18 v1.5 color configuration of teTeX/TeXLive
)
Package xcolor Info: Driver file: pdftex.def on input line 225.
Package xcolor Info: Model `cmy' substituted by `cmy0' on input line 1348.
Package xcolor Info: Model `hsb' substituted by `rgb' on input line 1352.
Package xcolor Info: Model `RGB' extended on input line 1364.
Package xcolor Info: Model `HTML' substituted by `rgb' on input line 1366.
Package xcolor Info: Model `Hsb' substituted by `hsb' on input line 1367.
Package xcolor Info: Model `tHsb' substituted by `hsb' on input line 1368.
Package xcolor Info: Model `HSB' substituted by `hsb' on input line 1369.
Package xcolor Info: Model `Gray' substituted by `gray' on input line 1370.
Package xcolor Info: Model `wave' substituted by `hsb' on input line 1371.
))
\c@defi=\count143

(C:\Users\landy\Desktop\sp1\tex\paperlabs_v10.aux

LaTeX Warning: Label `fig:Labs_Histogram' multiply defined.


LaTeX Warning: Label `fig:Labs_Histogram' multiply defined.


LaTeX Warning: Label `fig:Labs_Histogram' multiply defined.


LaTeX Warning: Label `fig:Labs_Histogram' multiply defined.


LaTeX Warning: Label `fig:Labs_Histogram' multiply defined.

)
LaTeX Font Info:    Checking defaults for OML/cmm/m/it on input line 49.
LaTeX Font Info:    ... okay on input line 49.
LaTeX Font Info:    Checking defaults for T1/cmr/m/n on input line 49.
LaTeX Font Info:    ... okay on input line 49.
LaTeX Font Info:    Checking defaults for OT1/cmr/m/n on input line 49.
LaTeX Font Info:    ... okay on input line 49.
LaTeX Font Info:    Checking defaults for OMS/cmsy/m/n on input line 49.
LaTeX Font Info:    ... okay on input line 49.
LaTeX Font Info:    Checking defaults for OMX/cmex/m/n on input line 49.
LaTeX Font Info:    ... okay on input line 49.
LaTeX Font Info:    Checking defaults for U/cmr/m/n on input line 49.
LaTeX Font Info:    ... okay on input line 49.
LaTeX Font Info:    Checking defaults for PD1/pdf/m/n on input line 49.
LaTeX Font Info:    ... okay on input line 49.
LaTeX Font Info:    Try loading font information for U+msa on input line 49.
 ("C:\Program Files (x86)\MiKTeX 2.9\tex\latex\amsfonts\umsa.fd"
File: umsa.fd 2009/06/22 v3.00 AMS symbols A
)
LaTeX Font Info:    Try loading font information for U+msb on input line 49.

("C:\Program Files (x86)\MiKTeX 2.9\tex\latex\amsfonts\umsb.fd"
File: umsb.fd 2009/06/22 v3.00 AMS symbols B
)
LaTeX Font Info:    Try loading font information for U+bbold on input line 49.

(C:\Users\landy\AppData\Roaming\MiKTeX\2.9\tex\latex\bbold\ubbold.fd)
(C:\Users\landy\AppData\Roaming\MiKTeX\2.9\tex\context\base\supp-pdf.mkii
[Loading MPS to PDF converter (version 2006.09.02).]
\scratchcounter=\count144
\scratchdimen=\dimen144
\scratchbox=\box35
\nofMPsegments=\count145
\nofMParguments=\count146
\everyMPshowfont=\toks34
\MPscratchCnt=\count147
\MPscratchDim=\dimen145
\MPnumerator=\count148
\makeMPintoPDFobject=\count149
\everyMPtoPDFconversion=\toks35
)
\AtBeginShipoutBox=\box36
Package hyperref Info: Link coloring ON on input line 49.
 ("C:\Program Files (x86)\MiKTeX 2.9\tex\latex\hyperref\nameref.sty"
Package: nameref 2010/04/30 v2.40 Cross-referencing by name of section

("C:\Program Files (x86)\MiKTeX 2.9\tex\generic\oberdiek\gettitlestring.sty"
Package: gettitlestring 2010/12/03 v1.4 Cleanup title references (HO)
)
\c@section@level=\count150
)
LaTeX Info: Redefining \ref on input line 49.
LaTeX Info: Redefining \pageref on input line 49.
LaTeX Info: Redefining \nameref on input line 49.

(C:\Users\landy\Desktop\sp1\tex\paperlabs_v10.out)
(C:\Users\landy\Desktop\sp1\tex\paperlabs_v10.out)
\@outlinefile=\write3


LaTeX Warning: Citation `bovskovic14' on page 1 undefined on input line 71.


LaTeX Warning: Citation `SR14' on page 1 undefined on input line 73.


LaTeX Warning: Citation `Mertens16' on page 1 undefined on input line 73.


LaTeX Warning: Citation `Bernasconi87' on page 1 undefined on input line 75.


LaTeX Warning: Citation `Kratica12' on page 1 undefined on input line 76.


LaTeX Warning: Citation `Amaya13' on page 1 undefined on input line 76.


LaTeX Warning: Citation `Golay' on page 1 undefined on input line 79.


LaTeX Warning: Citation `Mertens16' on page 1 undefined on input line 79.

[1
Non-PDF special ignored!
Non-PDF special ignored!
Non-PDF special ignored!
Non-PDF special ignored!
Non-PDF special ignored!
Non-PDF special ignored!{C:/Users/landy/AppData/Local/MiKTeX/2.9/pdftex/config/
pdftex.map}]

LaTeX Warning: Citation `Mertens96' on page 2 undefined on input line 81.


LaTeX Warning: Citation `Mertens16' on page 2 undefined on input line 82.


LaTeX Warning: Citation `Mertens16' on page 2 undefined on input line 83.


LaTeX Warning: Citation `Mertens16' on page 2 undefined on input line 84.


LaTeX Warning: Citation `Amaya13' on page 2 undefined on input line 87.


LaTeX Warning: Citation `bovskovic14' on page 2 undefined on input line 87.


LaTeX Warning: Citation `Militzer' on page 2 undefined on input line 88.


LaTeX Warning: Citation `Gallardo' on page 2 undefined on input line 89.


LaTeX Warning: Citation `Halim' on page 2 undefined on input line 90.


LaTeX Warning: Citation `Dotu' on page 2 undefined on input line 90.


LaTeX Warning: Citation `Mertens16' on page 2 undefined on input line 91.


LaTeX Warning: Citation `bovskovic14' on page 2 undefined on input line 91.


LaTeX Warning: Citation `Mertens16' on page 2 undefined on input line 92.


Underfull \vbox (badness 10000) has occurred while \output is active []


Overfull \hbox (39.03354pt too wide) has occurred while \output is active
[] \OT1/cmr/m/n/8 LOW AUTO-CORRELATION BINARY SEQUENCES EXPLORED USING SURVEY P
ROPAGATION 
 []

[2]

LaTeX Warning: Citation `Yedidia02' on page 3 undefined on input line 107.


LaTeX Warning: Citation `Mulet02' on page 3 undefined on input line 108.


LaTeX Warning: Citation `Braunstein03' on page 3 undefined on input line 108.


LaTeX Warning: Citation `Weigt06' on page 3 undefined on input line 108.


LaTeX Warning: Citation `SP' on page 3 undefined on input line 108.


LaTeX Warning: Citation `CVM' on page 3 undefined on input line 108.


LaTeX Warning: Citation `GBP' on page 3 undefined on input line 108.


Overfull \hbox (39.03354pt too wide) has occurred while \output is active
 \OT1/cmr/m/n/8 LOW AUTO-CORRELATION BINARY SEQUENCES EXPLORED USING SURVEY PRO
PAGATION []
 []

[3]
Overfull \hbox (39.03354pt too wide) has occurred while \output is active
[] \OT1/cmr/m/n/8 LOW AUTO-CORRELATION BINARY SEQUENCES EXPLORED USING SURVEY P
ROPAGATION 
 []

[4]
Overfull \hbox (39.03354pt too wide) has occurred while \output is active
 \OT1/cmr/m/n/8 LOW AUTO-CORRELATION BINARY SEQUENCES EXPLORED USING SURVEY PRO
PAGATION []
 []

[5]
Package epstopdf Info: Source file: <../prob.eps>
(epstopdf)                    date: 2019-02-24 21:37:04
(epstopdf)                    size: 27111 bytes
(epstopdf)             Output file: <../prob-eps-converted-to.pdf>
(epstopdf)                    date: 2019-02-24 21:37:07
(epstopdf)                    size: 5613 bytes
(epstopdf)             Command: <epstopdf --outfile=../prob-eps-converted-to.pd
f ../prob.eps>
(epstopdf)             \includegraphics on input line 248.
Package epstopdf Info: Output file is already uptodate.
 <../prob-eps-converted-to.pdf, id=64, 361.35pt x 252.945pt>
File: ../prob-eps-converted-to.pdf Graphic file (type pdf)

<use ../prob-eps-converted-to.pdf>
Package pdftex.def Info: ../prob-eps-converted-to.pdf used on input line 248.
(pdftex.def)             Requested size: 361.34912pt x 252.94438pt.

Overfull \hbox (1.34912pt too wide) in paragraph at lines 248--249
 [][] 
 []

Package epstopdf Info: Source file: <../decimate_09.eps>
(epstopdf)                    date: 2019-02-24 21:37:04
(epstopdf)                    size: 33170 bytes
(epstopdf)             Output file: <../decimate_09-eps-converted-to.pdf>
(epstopdf)                    date: 2019-02-24 21:37:07
(epstopdf)                    size: 10918 bytes
(epstopdf)             Command: <epstopdf --outfile=../decimate_09-eps-converte
d-to.pdf ../decimate_09.eps>
(epstopdf)             \includegraphics on input line 255.
Package epstopdf Info: Output file is already uptodate.
<../decimate_09-eps-converted-to.pdf, id=65, 361.35pt x 252.945pt>
File: ../decimate_09-eps-converted-to.pdf Graphic file (type pdf)

<use ../decimate_09-eps-converted-to.pdf>
Package pdftex.def Info: ../decimate_09-eps-converted-to.pdf used on input line
 255.
(pdftex.def)             Requested size: 361.34912pt x 252.94438pt.

Overfull \hbox (1.34912pt too wide) in paragraph at lines 255--256
 [][] 
 []


LaTeX Warning: `h' float specifier changed to `ht'.

Package epstopdf Info: Source file: <../decimate_07.eps>
(epstopdf)                    date: 2019-02-24 21:37:04
(epstopdf)                    size: 33274 bytes
(epstopdf)             Output file: <../decimate_07-eps-converted-to.pdf>
(epstopdf)                    date: 2019-02-24 21:37:08
(epstopdf)                    size: 11397 bytes
(epstopdf)             Command: <epstopdf --outfile=../decimate_07-eps-converte
d-to.pdf ../decimate_07.eps>
(epstopdf)             \includegraphics on input line 263.
Package epstopdf Info: Output file is already uptodate.
<../decimate_07-eps-converted-to.pdf, id=66, 361.35pt x 252.945pt>
File: ../decimate_07-eps-converted-to.pdf Graphic file (type pdf)

<use ../decimate_07-eps-converted-to.pdf>
Package pdftex.def Info: ../decimate_07-eps-converted-to.pdf used on input line
 263.
(pdftex.def)             Requested size: 361.34912pt x 252.94438pt.

Overfull \hbox (1.34912pt too wide) in paragraph at lines 263--264
 [][] 
 []


LaTeX Warning: `h' float specifier changed to `ht'.

Package epstopdf Info: Source file: <../decimate_06.eps>
(epstopdf)                    date: 2019-02-24 21:37:04
(epstopdf)                    size: 33385 bytes
(epstopdf)             Output file: <../decimate_06-eps-converted-to.pdf>
(epstopdf)                    date: 2019-02-24 21:37:09
(epstopdf)                    size: 11700 bytes
(epstopdf)             Command: <epstopdf --outfile=../decimate_06-eps-converte
d-to.pdf ../decimate_06.eps>
(epstopdf)             \includegraphics on input line 270.
Package epstopdf Info: Output file is already uptodate.
<../decimate_06-eps-converted-to.pdf, id=67, 361.35pt x 252.945pt>
File: ../decimate_06-eps-converted-to.pdf Graphic file (type pdf)

<use ../decimate_06-eps-converted-to.pdf>
Package pdftex.def Info: ../decimate_06-eps-converted-to.pdf used on input line
 270.
(pdftex.def)             Requested size: 361.34912pt x 252.94438pt.

Overfull \hbox (1.34912pt too wide) in paragraph at lines 270--271
 [][] 
 []


LaTeX Warning: `h' float specifier changed to `ht'.

Package epstopdf Info: Source file: <../decimate_05.eps>
(epstopdf)                    date: 2019-02-24 21:37:04
(epstopdf)                    size: 33441 bytes
(epstopdf)             Output file: <../decimate_05-eps-converted-to.pdf>
(epstopdf)                    date: 2019-02-24 21:37:09
(epstopdf)                    size: 12108 bytes
(epstopdf)             Command: <epstopdf --outfile=../decimate_05-eps-converte
d-to.pdf ../decimate_05.eps>
(epstopdf)             \includegraphics on input line 277.
Package epstopdf Info: Output file is already uptodate.
<../decimate_05-eps-converted-to.pdf, id=68, 361.35pt x 252.945pt>
File: ../decimate_05-eps-converted-to.pdf Graphic file (type pdf)

<use ../decimate_05-eps-converted-to.pdf>
Package pdftex.def Info: ../decimate_05-eps-converted-to.pdf used on input line
 277.
(pdftex.def)             Requested size: 361.34912pt x 252.94438pt.

Overfull \hbox (1.34912pt too wide) in paragraph at lines 277--278
 [][] 
 []


LaTeX Warning: `h' float specifier changed to `ht'.

Package epstopdf Info: Source file: <../decimate_01.eps>
(epstopdf)                    date: 2019-02-24 21:37:04
(epstopdf)                    size: 33423 bytes
(epstopdf)             Output file: <../decimate_01-eps-converted-to.pdf>
(epstopdf)                    date: 2019-02-24 21:37:10
(epstopdf)                    size: 11927 bytes
(epstopdf)             Command: <epstopdf --outfile=../decimate_01-eps-converte
d-to.pdf ../decimate_01.eps>
(epstopdf)             \includegraphics on input line 284.
Package epstopdf Info: Output file is already uptodate.
<../decimate_01-eps-converted-to.pdf, id=69, 361.35pt x 252.945pt>
File: ../decimate_01-eps-converted-to.pdf Graphic file (type pdf)

<use ../decimate_01-eps-converted-to.pdf>
Package pdftex.def Info: ../decimate_01-eps-converted-to.pdf used on input line
 284.
(pdftex.def)             Requested size: 361.34912pt x 252.94438pt.

Overfull \hbox (1.34912pt too wide) in paragraph at lines 284--285
 [][] 
 []


LaTeX Warning: `h' float specifier changed to `ht'.

No file paperlabs_v10.bbl.
Package atveryend Info: Empty hook `BeforeClearDocument' on input line 292.

Overfull \hbox (39.03354pt too wide) has occurred while \output is active
[] \OT1/cmr/m/n/8 LOW AUTO-CORRELATION BINARY SEQUENCES EXPLORED USING SURVEY P
ROPAGATION 
 []

[6 <C:/Users/landy/Desktop/sp1/prob-eps-converted-to.pdf>]
Overfull \hbox (39.03354pt too wide) has occurred while \output is active
 \OT1/cmr/m/n/8 LOW AUTO-CORRELATION BINARY SEQUENCES EXPLORED USING SURVEY PRO
PAGATION []
 []

[7 <C:/Users/landy/Desktop/sp1/decimate_09-eps-converted-to.pdf>]
Overfull \hbox (39.03354pt too wide) has occurred while \output is active
[] \OT1/cmr/m/n/8 LOW AUTO-CORRELATION BINARY SEQUENCES EXPLORED USING SURVEY P
ROPAGATION 
 []

[8 <C:/Users/landy/Desktop/sp1/decimate_07-eps-converted-to.pdf> <C:/Users/land
y/Desktop/sp1/decimate_06-eps-converted-to.pdf>]
Overfull \hbox (39.03354pt too wide) has occurred while \output is active
 \OT1/cmr/m/n/8 LOW AUTO-CORRELATION BINARY SEQUENCES EXPLORED USING SURVEY PRO
PAGATION []
 []

[9 <C:/Users/landy/Desktop/sp1/decimate_05-eps-converted-to.pdf>]
Overfull \hbox (39.03354pt too wide) has occurred while \output is active
[] \OT1/cmr/m/n/8 LOW AUTO-CORRELATION BINARY SEQUENCES EXPLORED USING SURVEY P
ROPAGATION 
 []

[10 <C:/Users/landy/Desktop/sp1/decimate_01-eps-converted-to.pdf>]
Package atveryend Info: Empty hook `AfterLastShipout' on input line 292.

(C:\Users\landy\Desktop\sp1\tex\paperlabs_v10.aux)
Package atveryend Info: Executing hook `AtVeryEndDocument' on input line 292.
Package atveryend Info: Executing hook `AtEndAfterFileList' on input line 292.


Package rerunfilecheck Warning: File `paperlabs_v10.out' has changed.
(rerunfilecheck)                Rerun to get outlines right
(rerunfilecheck)                or use package `bookmark'.

Package rerunfilecheck Info: Checksums for `paperlabs_v10.out':
(rerunfilecheck)             Before: 283B2F53160352D90CAB056CA123B9C8;166
(rerunfilecheck)             After:  D76196757AEF7E6379E9ECC5B959CCF4;223.

LaTeX Warning: There were undefined references.


LaTeX Warning: There were multiply-defined labels.

Package atveryend Info: Empty hook `AtVeryVeryEnd' on input line 292.
 ) 
Here is how much of TeX's memory you used:
 8809 strings out of 494045
 124288 string characters out of 3145970
 235391 words of memory out of 3000000
 11756 multiletter control sequences out of 15000+200000
 12656 words of font info for 50 fonts, out of 3000000 for 9000
 876 hyphenation exceptions out of 8191
 42i,8n,38p,547b,337s stack positions out of 5000i,500n,10000p,200000b,50000s
<C:/Program Files (x86)/MiKTeX 2.9/fonts/type1/public/amsfonts/cm/cmbx10.pfb>
<C:/Program Files (x86)/MiKTeX 2.9/fonts/type1/public/amsfonts/cm/cmcsc10.pfb><
C:/Program Files (x86)/MiKTeX 2.9/fonts/type1/public/amsfonts/cm/cmex10.pfb><C:
/Program Files (x86)/MiKTeX 2.9/fonts/type1/public/amsfonts/cm/cmmi10.pfb><C:/P
rogram Files (x86)/MiKTeX 2.9/fonts/type1/public/amsfonts/cm/cmmi6.pfb><C:/Prog
ram Files (x86)/MiKTeX 2.9/fonts/type1/public/amsfonts/cm/cmmi8.pfb><C:/Program
 Files (x86)/MiKTeX 2.9/fonts/type1/public/amsfonts/cm/cmr10.pfb><C:/Program Fi
les (x86)/MiKTeX 2.9/fonts/type1/public/amsfonts/cm/cmr8.pfb><C:/Program Files 
(x86)/MiKTeX 2.9/fonts/type1/public/amsfonts/cm/cmr9.pfb><C:/Program Files (x86
)/MiKTeX 2.9/fonts/type1/public/amsfonts/cm/cmsy10.pfb><C:/Program Files (x86)/
MiKTeX 2.9/fonts/type1/public/amsfonts/cm/cmsy8.pfb><C:/Program Files (x86)/MiK
TeX 2.9/fonts/type1/public/amsfonts/cm/cmti9.pfb>
Output written on paperlabs_v10.pdf (10 pages, 223108 bytes).
PDF statistics:
 166 PDF objects out of 1000 (max. 8388607)
 37 named destinations out of 1000 (max. 500000)
 55 words of extra memory for PDF output out of 10000 (max. 10000000)

